<?xml version="1.0" encoding="UTF-8"?>
<testsuite xmlns:xsi="http://www.w3.org/2001/XMLSchema-instance" xsi:noNamespaceSchemaLocation="https://maven.apache.org/surefire/maven-surefire-plugin/xsd/surefire-test-report.xsd" name="com.mehul.product.dao.ProductDAOimplTest" time="0.057" tests="1" errors="0" skipped="0" failures="0">
  <properties>
    <property name="java.specification.version" value="17"/>
    <property name="sun.jnu.encoding" value="UTF-8"/>
    <property name="java.class.path" value="/home/labuser/productparent/productservices/target/test-classes:/home/labuser/productparent/productservices/target/classes:/home/labuser/.m2/repository/junit/junit/4.4/junit-4.4.jar:/home/labuser/.m2/repository/org/springframework/spring-context/5.3.16/spring-context-5.3.16.jar:/home/labuser/.m2/repository/org/springframework/spring-aop/5.3.16/spring-aop-5.3.16.jar:/home/labuser/.m2/repository/org/springframework/spring-beans/5.3.16/spring-beans-5.3.16.jar:/home/labuser/.m2/repository/org/springframework/spring-core/5.3.16/spring-core-5.3.16.jar:/home/labuser/.m2/repository/org/springframework/spring-jcl/5.3.16/spring-jcl-5.3.16.jar:/home/labuser/.m2/repository/org/springframework/spring-expression/5.3.16/spring-expression-5.3.16.jar:"/>
    <property name="java.vm.vendor" value="Eclipse Adoptium"/>
    <property name="sun.arch.data.model" value="64"/>
    <property name="java.vendor.url" value="https://adoptium.net/"/>
    <property name="os.name" value="Linux"/>
    <property name="java.vm.specification.version" value="17"/>
    <property name="sun.java.launcher" value="SUN_STANDARD"/>
    <property name="sun.boot.library.path" value="/opt/eclipse/plugins/org.eclipse.justj.openjdk.hotspot.jre.full.linux.x86_64_17.0.1.v20211116-1657/jre/lib"/>
    <property name="sun.java.command" value="/home/labuser/productparent/productservices/target/surefire/surefirebooter11277996953133141652.jar /home/labuser/productparent/productservices/target/surefire 2022-02-24T10-33-50_047-jvmRun1 surefire7039930643596485502tmp surefire_013147008471509257820tmp"/>
    <property name="jdk.debug" value="release"/>
    <property name="surefire.test.class.path" value="/home/labuser/productparent/productservices/target/test-classes:/home/labuser/productparent/productservices/target/classes:/home/labuser/.m2/repository/junit/junit/4.4/junit-4.4.jar:/home/labuser/.m2/repository/org/springframework/spring-context/5.3.16/spring-context-5.3.16.jar:/home/labuser/.m2/repository/org/springframework/spring-aop/5.3.16/spring-aop-5.3.16.jar:/home/labuser/.m2/repository/org/springframework/spring-beans/5.3.16/spring-beans-5.3.16.jar:/home/labuser/.m2/repository/org/springframework/spring-core/5.3.16/spring-core-5.3.16.jar:/home/labuser/.m2/repository/org/springframework/spring-jcl/5.3.16/spring-jcl-5.3.16.jar:/home/labuser/.m2/repository/org/springframework/spring-expression/5.3.16/spring-expression-5.3.16.jar:"/>
    <property name="sun.cpu.endian" value="little"/>
    <property name="user.home" value="/home/labuser"/>
    <property name="user.language" value="en"/>
    <property name="java.specification.vendor" value="Oracle Corporation"/>
    <property name="java.version.date" value="2021-10-19"/>
    <property name="java.home" value="/opt/eclipse/plugins/org.eclipse.justj.openjdk.hotspot.jre.full.linux.x86_64_17.0.1.v20211116-1657/jre"/>
    <property name="file.separator" value="/"/>
    <property name="basedir" value="/home/labuser/productparent/productservices"/>
    <property name="java.vm.compressedOopsMode" value="32-bit"/>
    <property name="line.separator" value="&#10;"/>
    <property name="java.vm.specification.vendor" value="Oracle Corporation"/>
    <property name="java.specification.name" value="Java Platform API Specification"/>
    <property name="surefire.real.class.path" value="/home/labuser/productparent/productservices/target/surefire/surefirebooter11277996953133141652.jar"/>
    <property name="sun.management.compiler" value="HotSpot 64-Bit Tiered Compilers"/>
    <property name="java.runtime.version" value="17.0.1+12"/>
    <property name="user.name" value="labuser"/>
    <property name="path.separator" value=":"/>
    <property name="os.version" value="5.8.0-1043-azure"/>
    <property name="java.runtime.name" value="OpenJDK Runtime Environment"/>
    <property name="file.encoding" value="UTF-8"/>
    <property name="java.vm.name" value="OpenJDK 64-Bit Server VM"/>
    <property name="java.vendor.version" value="Temurin-17.0.1+12"/>
    <property name="localRepository" value="/home/labuser/.m2/repository"/>
    <property name="java.vendor.url.bug" value="https://github.com/adoptium/adoptium-support/issues"/>
    <property name="java.io.tmpdir" value="/tmp"/>
    <property name="java.version" value="17.0.1"/>
    <property name="user.dir" value="/home/labuser/productparent/productservices"/>
    <property name="os.arch" value="amd64"/>
    <property name="java.vm.specification.name" value="Java Virtual Machine Specification"/>
    <property name="native.encoding" value="UTF-8"/>
    <property name="java.library.path" value="/usr/java/packages/lib:/usr/lib64:/lib64:/lib:/usr/lib"/>
    <property name="java.vm.info" value="mixed mode"/>
    <property name="java.vendor" value="Eclipse Adoptium"/>
    <property name="java.vm.version" value="17.0.1+12"/>
    <property name="sun.io.unicode.encoding" value="UnicodeLittle"/>
    <property name="java.class.version" value="61.0"/>
  </properties>
  <testcase name="createShouldCreateProduct" classname="com.mehul.product.dao.ProductDAOimplTest" time="0.017"/>
</testsuite>